-------------------------------------------------------------------------------
Test set: com.jt.test.redis.TestRedis
-------------------------------------------------------------------------------
Tests run: 3, Failures: 1, Errors: 0, Skipped: 0, Time elapsed: 0.12 sec <<< FAILURE!
com.jt.test.redis.TestRedis.test02()  Time elapsed: 0.073 sec  <<< FAILURE!
redis.clients.jedis.exceptions.JedisDataException: READONLY You can't write against a read only slave.
	at redis.clients.jedis.Protocol.processError(Protocol.java:115)
	at redis.clients.jedis.Protocol.process(Protocol.java:133)
	at redis.clients.jedis.Protocol.read(Protocol.java:202)
	at redis.clients.jedis.Connection.readProtocolWithCheckingBroken(Connection.java:285)
	at redis.clients.jedis.Connection.getStatusCodeReply(Connection.java:184)
	at redis.clients.jedis.Jedis.set(Jedis.java:63)
	at redis.clients.jedis.ShardedJedis.set(ShardedJedis.java:39)
	at com.jt.test.redis.TestRedis.test02(TestRedis.java:54)

